<?xml version="1.0" encoding="UTF-8"?>
<!-- Generated by org.testng.reporters.JUnitXMLReporter -->
<testsuite ignored="3" hostname="LAPTOP-DU5QVFUI" failures="0" tests="0" time="0.0" errors="0" timestamp="2022-11-21T11:34:18 IST">
  <testcase classname="testng.basic2" name="webLoginHomeLoan" time="0.0">
    <ignored/>
  </testcase> <!-- webLoginHomeLoan -->
  <testcase classname="testng.basic2" name="webLoginMobileLoan" time="0.0">
    <ignored/>
  </testcase> <!-- webLoginMobileLoan -->
  <testcase classname="testng.basic2" name="webLoginCarLoan" time="0.0">
    <ignored/>
  </testcase> <!-- webLoginCarLoan -->
</testsuite>
