<?xml version="1.0" encoding="UTF-8"?>
<!-- Generated by org.testng.reporters.JUnitXMLReporter -->
<testsuite ignored="0" hostname="LAPTOP-DU5QVFUI" failures="0" tests="3" name="mobile tag" time="0.007" errors="0" timestamp="2022-11-21T11:34:18 IST">
  <testcase classname="testng.basic3" name="APILoginCarLoan" time="0.0"/>
  <testcase classname="testng.basic3" name="mobileLoginCarLoan" time="0.001"/>
  <testcase classname="testng.basic3" name="webLoginCarLoan" time="0.0"/>
</testsuite> <!-- mobile tag -->
