<?xml version="1.0" encoding="UTF-8"?>
<testng-results ignored="3" total="9" passed="6" failed="0" skipped="0">
  <reporter-output>
  </reporter-output>
  <suite started-at="2022-11-21T11:34:18 IST" name="Suite" finished-at="2022-11-21T11:34:18 IST" duration-ms="114">
    <groups>
    </groups>
    <test started-at="2022-11-21T11:34:18 IST" name="Test" finished-at="2022-11-21T11:34:18 IST" duration-ms="34">
      <class name="testng.basic">
        <test-method signature="Demo()[pri:0, instance:testng.basic@2525ff7e]" started-at="2022-11-21T11:34:18 IST" name="Demo" finished-at="2022-11-21T11:34:18 IST" duration-ms="5" status="PASS">
          <reporter-output>
          </reporter-output>
        </test-method> <!-- Demo -->
        <test-method signature="Demo1()[pri:0, instance:testng.basic@2525ff7e]" started-at="2022-11-21T11:34:18 IST" name="Demo1" finished-at="2022-11-21T11:34:18 IST" duration-ms="0" status="PASS">
          <reporter-output>
          </reporter-output>
        </test-method> <!-- Demo1 -->
      </class> <!-- testng.basic -->
      <class name="testng.basic1">
        <test-method signature="demo3()[pri:0, instance:testng.basic1@2abf4075]" started-at="2022-11-21T11:34:18 IST" name="demo3" finished-at="2022-11-21T11:34:18 IST" duration-ms="1" status="PASS">
          <reporter-output>
          </reporter-output>
        </test-method> <!-- demo3 -->
      </class> <!-- testng.basic1 -->
    </test> <!-- Test -->
    <test started-at="2022-11-21T11:34:18 IST" name="mobile tag" finished-at="2022-11-21T11:34:18 IST" duration-ms="7">
      <class name="testng.basic3">
        <test-method signature="APILoginCarLoan()[pri:0, instance:testng.basic3@29d89d5d]" started-at="2022-11-21T11:34:18 IST" name="APILoginCarLoan" finished-at="2022-11-21T11:34:18 IST" duration-ms="0" status="PASS">
          <reporter-output>
          </reporter-output>
        </test-method> <!-- APILoginCarLoan -->
        <test-method signature="mobileLoginCarLoan()[pri:0, instance:testng.basic3@29d89d5d]" started-at="2022-11-21T11:34:18 IST" name="mobileLoginCarLoan" finished-at="2022-11-21T11:34:18 IST" duration-ms="1" status="PASS">
          <reporter-output>
          </reporter-output>
        </test-method> <!-- mobileLoginCarLoan -->
        <test-method signature="webLoginCarLoan()[pri:0, instance:testng.basic3@29d89d5d]" started-at="2022-11-21T11:34:18 IST" name="webLoginCarLoan" finished-at="2022-11-21T11:34:18 IST" duration-ms="0" status="PASS">
          <reporter-output>
          </reporter-output>
        </test-method> <!-- webLoginCarLoan -->
      </class> <!-- testng.basic3 -->
    </test> <!-- mobile tag -->
    <test started-at="2022-11-21T11:34:18 IST" name="car loan" finished-at="2022-11-21T11:34:18 IST" duration-ms="0">
    </test> <!-- car loan -->
  </suite> <!-- Suite -->
</testng-results>
